<!DOCTYPE html PUBLIC "-//W3C//DTD XHTML 1.0 Transitional//EN" "http://www.w3.org/TR/xhtml1/DTD/xhtml1-transitional.dtd">
<!-- Generated by Apache Maven Doxia Site Renderer 1.4 at 2015-02-19 -->
<html xmlns="http://www.w3.org/1999/xhtml" xml:lang="en" lang="en">
  <head>
    <meta http-equiv="Content-Type" content="text/html; charset=UTF-8" />
    <title>Title_Validation_E2E - Surefire Report</title>
    <style type="text/css" media="all">
      @import url("./css/maven-base.css");
      @import url("./css/maven-theme.css");
      @import url("./css/site.css");
    </style>
    <link rel="stylesheet" href="./css/print.css" type="text/css" media="print" />
    <meta name="Date-Revision-yyyymmdd" content="20150219" />
    <meta http-equiv="Content-Language" content="en" />
        
        </head>
  <body class="composite">
    <div id="banner">
                    <div id="bannerLeft">
                Title_Validation_E2E
                </div>
                    <div class="clear">
        <hr/>
      </div>
    </div>
    <div id="breadcrumbs">
            
                    
                <div class="xleft">
        <span id="publishDate">Last Published: 2015-02-19</span>
                  &nbsp;| <span id="projectVersion">Version: 1.1</span>
                      </div>
            <div class="xright">                    <a href="./" title="Title_Validation_E2E">Title_Validation_E2E</a>
              
                    
      </div>
      <div class="clear">
        <hr/>
      </div>
    </div>
    <div id="leftColumn">
      <div id="navcolumn">
             
                    
                                          <h5>Project Documentation</h5>
                  <ul>
                                                                                                                                                                                <li class="collapsed">
                          <a href="project-info.html" title="Project Information">Project Information</a>
                  </li>
                                                                              <li class="expanded">
                          <a href="project-reports.html" title="Project Reports">Project Reports</a>
                    <ul>
                      <li class="none">
            <strong>Surefire Report</strong>
          </li>
              </ul>
        </li>
          </ul>
                             <a href="http://maven.apache.org/" title="Built by Maven" class="poweredBy">
        <img class="poweredBy" alt="Built by Maven" src="./images/logos/maven-feather.png" />
      </a>
                   
                    
            </div>
    </div>
    <div id="bodyColumn">
      <div id="contentBox">
        <script type="text/javascript">
//<![CDATA[
function toggleDisplay(elementId) {
 var elm = document.getElementById(elementId + 'error');
 if (elm && typeof elm.style != "undefined") {
 if (elm.style.display == "none") {
 elm.style.display = "";
 document.getElementById(elementId + 'off').style.display = "none";
 document.getElementById(elementId + 'on').style.display = "inline";
 } else if (elm.style.display == "") { elm.style.display = "none";
 document.getElementById(elementId + 'off').style.display = "inline";
 document.getElementById(elementId + 'on').style.display = "none";
 } 
 } 
 }
//]]>
</script>
<div class="section">
<h2>Surefire Report<a name="Surefire_Report"></a></h2></div>
<div class="section">
<h2>Summary<a name="Summary"></a></h2><a name="Summary"></a>
<p>[<a href="#Summary">Summary</a>] [<a href="#Package_List">Package List</a>] [<a href="#Test_Cases">Test Cases</a>]</p><br />
<table border="1" class="bodyTable">
<tr class="a">
<th>Tests</th>
<th>Errors </th>
<th>Failures</th>
<th>Skipped</th>
<th>Success Rate</th>
<th>Time</th></tr>
<tr class="b">
<td>25</td>
<td>0</td>
<td>15</td>
<td>0</td>
<td>40%</td>
<td>0.186</td></tr></table><br />
<p>Note: failures are anticipated and checked for with assertions while errors are unanticipated.</p><br /></div>
<div class="section">
<h2>Package List<a name="Package_List"></a></h2><a name="Package_List"></a>
<p>[<a href="#Summary">Summary</a>] [<a href="#Package_List">Package List</a>] [<a href="#Test_Cases">Test Cases</a>]</p><br />
<table border="1" class="bodyTable">
<tr class="a">
<th>Package</th>
<th>Tests</th>
<th>Errors </th>
<th>Failures</th>
<th>Skipped</th>
<th>Success Rate</th>
<th>Time</th></tr>
<tr class="b">
<td><a href="#core">core</a></td>
<td>25</td>
<td>0</td>
<td>15</td>
<td>0</td>
<td>40%</td>
<td>0.186</td></tr></table><br />
<p>Note: package statistics are not computed recursively, they only sum up all of its testsuites numbers.</p>
<div class="section">
<h3>core<a name="core"></a></h3><a name="core"></a>
<table border="1" class="bodyTable">
<tr class="a">
<th></th>
<th>Class</th>
<th>Tests</th>
<th>Errors </th>
<th>Failures</th>
<th>Skipped</th>
<th>Success Rate</th>
<th>Time</th></tr>
<tr class="b">
<td><a href="#coreSeleniumTest"><img src="images/icon_warning_sml.gif" alt="" /></a></td>
<td><a href="#coreSeleniumTest">SeleniumTest</a></td>
<td>25</td>
<td>0</td>
<td>15</td>
<td>0</td>
<td>40%</td>
<td>0.186</td></tr></table></div><br /></div>
<div class="section">
<h2>Test Cases<a name="Test_Cases"></a></h2><a name="Test_Cases"></a>
<p>[<a href="#Summary">Summary</a>] [<a href="#Package_List">Package List</a>] [<a href="#Test_Cases">Test Cases</a>]</p>
<div class="section">
<h3>SeleniumTest<a name="SeleniumTest"></a></h3><a name="coreSeleniumTest"></a>
<table border="1" class="bodyTable">
<tr class="a">
<td><img src="images/icon_success_sml.gif" alt="" /></td>
<td>test_Title_Validation[Iteration # 0 : exp: learn2test.net; act: learn2test.net]</td>
<td>0.079</td></tr>
<tr class="b">
<td><img src="images/icon_success_sml.gif" alt="" /></td>
<td>test_Title_Validation[Iteration # 1 : exp: www.alegro.com; act: www.alegro.com]</td>
<td>0.028</td></tr>
<tr class="a">
<td><a href="#core.SeleniumTest.test_Title_ValidationIteration__2_:_exp:_www.alegro.com_act:_www.alegro.net"><img src="images/icon_error_sml.gif" alt="" /></a></td>
<td><a href="#core.SeleniumTest.test_Title_ValidationIteration__2_:_exp:_www.alegro.com_act:_www.alegro.net">test_Title_Validation[Iteration # 2 : exp: www.alegro.com; act: www.alegro.net]</a>
<div class="detailToggle" style="display:inline"><a href="javascript:toggleDisplay(&apos;core.SeleniumTest.test_Title_ValidationIteration__2_:_exp:_www.alegro.com_act:_www.alegro.net&apos;);"><span style="display:inline;" id="core.SeleniumTest.test_Title_ValidationIteration__2_:_exp:_www.alegro.com_act:_www.alegro.netoff"> + </span><span style="display:none;" id="core.SeleniumTest.test_Title_ValidationIteration__2_:_exp:_www.alegro.com_act:_www.alegro.neton"> - </span>[ Detail ]</a></div></td>
<td>0.002</td></tr>
<tr class="b">
<td></td>
<td>FAILED expected:&lt;www.alegro.[com]&gt; but was:&lt;www.alegro.[net]&gt;</td>
<td></td></tr>
<tr class="a">
<td></td>
<td>
<div id="core.SeleniumTest.test_Title_ValidationIteration__2_:_exp:_www.alegro.com_act:_www.alegro.neterror" style="display:none;">
<div>
<pre>org.junit.ComparisonFailure: FAILED expected:&lt;www.alegro.[com]&gt; but was:&lt;www.alegro.[net]&gt;</pre></div></div></td>
<td></td></tr>
<tr class="b">
<td><a href="#core.SeleniumTest.test_Title_ValidationIteration__3_:_exp:_Welcome_to_Facebook_-_Log_In_act:_Welcome_to_Facebook_-_Log_In_Sign_Up_or_Learn_More"><img src="images/icon_error_sml.gif" alt="" /></a></td>
<td><a href="#core.SeleniumTest.test_Title_ValidationIteration__3_:_exp:_Welcome_to_Facebook_-_Log_In_act:_Welcome_to_Facebook_-_Log_In_Sign_Up_or_Learn_More">test_Title_Validation[Iteration # 3 : exp: Welcome to Facebook - Log In; act: Welcome to Facebook - Log In, Sign Up or Learn More]</a>
<div class="detailToggle" style="display:inline"><a href="javascript:toggleDisplay(&apos;core.SeleniumTest.test_Title_ValidationIteration__3_:_exp:_Welcome_to_Facebook_-_Log_In_act:_Welcome_to_Facebook_-_Log_In_Sign_Up_or_Learn_More&apos;);"><span style="display:inline;" id="core.SeleniumTest.test_Title_ValidationIteration__3_:_exp:_Welcome_to_Facebook_-_Log_In_act:_Welcome_to_Facebook_-_Log_In_Sign_Up_or_Learn_Moreoff"> + </span><span style="display:none;" id="core.SeleniumTest.test_Title_ValidationIteration__3_:_exp:_Welcome_to_Facebook_-_Log_In_act:_Welcome_to_Facebook_-_Log_In_Sign_Up_or_Learn_Moreon"> - </span>[ Detail ]</a></div></td>
<td>0</td></tr>
<tr class="a">
<td></td>
<td>FAILED expected:&lt;...to Facebook - Log In[]&gt; but was:&lt;...to Facebook - Log In[, Sign Up or Learn More]&gt;</td>
<td></td></tr>
<tr class="b">
<td></td>
<td>
<div id="core.SeleniumTest.test_Title_ValidationIteration__3_:_exp:_Welcome_to_Facebook_-_Log_In_act:_Welcome_to_Facebook_-_Log_In_Sign_Up_or_Learn_Moreerror" style="display:none;">
<div>
<pre>org.junit.ComparisonFailure: FAILED expected:&lt;...to Facebook - Log In[]&gt; but was:&lt;...to Facebook - Log In[, Sign Up or Learn More]&gt;at org.junit.Assert.assertEquals(Assert.java:115)at core.SeleniumTest.test_Title_Validation(SeleniumTest.java:47)at sun.reflect.NativeMethodAccessorImpl.invoke0(Native Method)at sun.reflect.NativeMethodAccessorImpl.invoke(NativeMethodAccessorImpl.java:62)at sun.reflect.DelegatingMethodAccessorImpl.invoke(DelegatingMethodAccessorImpl.java:43)at java.lang.reflect.Method.invoke(Method.java:483)at org.junit.runners.model.FrameworkMethod$1.runReflectiveCall(FrameworkMethod.java:50)at org.junit.internal.runners.model.ReflectiveCallable.run(ReflectiveCallable.java:12)at org.junit.runners.model.FrameworkMethod.invokeExplosively(FrameworkMethod.java:47)at org.junit.internal.runners.statements.InvokeMethod.evaluate(InvokeMethod.java:17)at org.junit.runners.ParentRunner.runLeaf(ParentRunner.java:325)at org.junit.runners.BlockJUnit4ClassRunner.runChild(BlockJUnit4ClassRunner.java:78)at org.junit.runners.BlockJUnit4ClassRunner.runChild(BlockJUnit4ClassRunner.java:57)at org.junit.runners.ParentRunner$3.run(ParentRunner.java:290)at org.junit.runners.ParentRunner$1.schedule(ParentRunner.java:71)at org.junit.runners.ParentRunner.runChildren(ParentRunner.java:288)at org.junit.runners.ParentRunner.access$000(ParentRunner.java:58)at org.junit.runners.ParentRunner$2.evaluate(ParentRunner.java:268)at org.junit.runners.ParentRunner.run(ParentRunner.java:363)at org.junit.runners.Suite.runChild(Suite.java:128)at org.junit.runners.Suite.runChild(Suite.java:27)at org.junit.runners.ParentRunner$3.run(ParentRunner.java:290)at org.junit.runners.ParentRunner$1.schedule(ParentRunner.java:71)at org.junit.runners.ParentRunner.runChildren(ParentRunner.java:288)at org.junit.runners.ParentRunner.access$000(ParentRunner.java:58)at org.junit.runners.ParentRunner$2.evaluate(ParentRunner.java:268)at org.junit.internal.runners.statements.RunBefores.evaluate(RunBefores.java:26)at org.junit.runners.ParentRunner.run(ParentRunner.java:363)at org.junit.runners.Suite.runChild(Suite.java:128)at org.junit.runners.Suite.runChild(Suite.java:27)at org.junit.runners.ParentRunner$3.run(ParentRunner.java:290)at org.junit.runners.ParentRunner$1.schedule(ParentRunner.java:71)at org.junit.runners.ParentRunner.runChildren(ParentRunner.java:288)at org.junit.runners.ParentRunner.access$000(ParentRunner.java:58)at org.junit.runners.ParentRunner$2.evaluate(ParentRunner.java:268)at org.junit.runners.ParentRunner.run(ParentRunner.java:363)at org.apache.maven.surefire.junit4.JUnit4Provider.execute(JUnit4Provider.java:252)at org.apache.maven.surefire.junit4.JUnit4Provider.executeTestSet(JUnit4Provider.java:141)at org.apache.maven.surefire.junit4.JUnit4Provider.invoke(JUnit4Provider.java:112)at sun.reflect.NativeMethodAccessorImpl.invoke0(Native Method)at sun.reflect.NativeMethodAccessorImpl.invoke(NativeMethodAccessorImpl.java:62)at sun.reflect.DelegatingMethodAccessorImpl.invoke(DelegatingMethodAccessorImpl.java:43)at java.lang.reflect.Method.invoke(Method.java:483)at org.apache.maven.surefire.util.ReflectionUtils.invokeMethodWithArray(ReflectionUtils.java:189)at org.apache.maven.surefire.booter.ProviderFactory$ProviderProxy.invoke(ProviderFactory.java:165)at org.apache.maven.surefire.booter.ProviderFactory.invokeProvider(ProviderFactory.java:85)at org.apache.maven.surefire.booter.ForkedBooter.runSuitesInProcess(ForkedBooter.java:115)at org.apache.maven.surefire.booter.ForkedBooter.main(ForkedBooter.java:75)</pre></div></div></td>
<td></td></tr>
<tr class="a">
<td><img src="images/icon_success_sml.gif" alt="" /></td>
<td>test_Title_Validation[Iteration # 4 : exp: www.alegro.net; act: www.alegro.net]</td>
<td>0</td></tr>
<tr class="b">
<td><a href="#core.SeleniumTest.test_Title_ValidationIteration__5_:_exp:_GitHub_act:_GitHub__Build_software_better_together."><img src="images/icon_error_sml.gif" alt="" /></a></td>
<td><a href="#core.SeleniumTest.test_Title_ValidationIteration__5_:_exp:_GitHub_act:_GitHub__Build_software_better_together.">test_Title_Validation[Iteration # 5 : exp: GitHub; act: GitHub &#xb7; Build software better, together.]</a>
<div class="detailToggle" style="display:inline"><a href="javascript:toggleDisplay(&apos;core.SeleniumTest.test_Title_ValidationIteration__5_:_exp:_GitHub_act:_GitHub__Build_software_better_together.&apos;);"><span style="display:inline;" id="core.SeleniumTest.test_Title_ValidationIteration__5_:_exp:_GitHub_act:_GitHub__Build_software_better_together.off"> + </span><span style="display:none;" id="core.SeleniumTest.test_Title_ValidationIteration__5_:_exp:_GitHub_act:_GitHub__Build_software_better_together.on"> - </span>[ Detail ]</a></div></td>
<td>0</td></tr>
<tr class="a">
<td></td>
<td>FAILED expected:&lt;GitHub[]&gt; but was:&lt;GitHub[ &#xb7; Build software better, together.]&gt;</td>
<td></td></tr>
<tr class="b">
<td></td>
<td>
<div id="core.SeleniumTest.test_Title_ValidationIteration__5_:_exp:_GitHub_act:_GitHub__Build_software_better_together.error" style="display:none;">
<div>
<pre>org.junit.ComparisonFailure: FAILED expected:&lt;GitHub[]&gt; but was:&lt;GitHub[ &#xb7; Build software better, together.]&gt;</pre></div></div></td>
<td></td></tr>
<tr class="a">
<td><img src="images/icon_success_sml.gif" alt="" /></td>
<td>test_Title_Validation[Iteration # 6 : exp: Google Translate; act: Google Translate]</td>
<td>0.001</td></tr>
<tr class="b">
<td><a href="#core.SeleniumTest.test_Title_ValidationIteration__7_:_exp:_Git_act:_GitHub__Build_software_better_together."><img src="images/icon_error_sml.gif" alt="" /></a></td>
<td><a href="#core.SeleniumTest.test_Title_ValidationIteration__7_:_exp:_Git_act:_GitHub__Build_software_better_together.">test_Title_Validation[Iteration # 7 : exp: Git; act: GitHub &#xb7; Build software better, together.]</a>
<div class="detailToggle" style="display:inline"><a href="javascript:toggleDisplay(&apos;core.SeleniumTest.test_Title_ValidationIteration__7_:_exp:_Git_act:_GitHub__Build_software_better_together.&apos;);"><span style="display:inline;" id="core.SeleniumTest.test_Title_ValidationIteration__7_:_exp:_Git_act:_GitHub__Build_software_better_together.off"> + </span><span style="display:none;" id="core.SeleniumTest.test_Title_ValidationIteration__7_:_exp:_Git_act:_GitHub__Build_software_better_together.on"> - </span>[ Detail ]</a></div></td>
<td>0</td></tr>
<tr class="a">
<td></td>
<td>FAILED expected:&lt;Git[]&gt; but was:&lt;Git[Hub &#xb7; Build software better, together.]&gt;</td>
<td></td></tr>
<tr class="b">
<td></td>
<td>
<div id="core.SeleniumTest.test_Title_ValidationIteration__7_:_exp:_Git_act:_GitHub__Build_software_better_together.error" style="display:none;">
<div>
<pre>org.junit.ComparisonFailure: FAILED expected:&lt;Git[]&gt; but was:&lt;Git[Hub &#xb7; Build software better, together.]&gt;</pre></div></div></td>
<td></td></tr>
<tr class="a">
<td><img src="images/icon_success_sml.gif" alt="" /></td>
<td>test_Title_Validation[Iteration # 8 : exp: Google Translate; act: Google Translate]</td>
<td>0</td></tr>
<tr class="b">
<td><a href="#core.SeleniumTest.test_Title_ValidationIteration__9_:_exp:_Welcome__LinkedIn_act:_Worlds_Largest_Professional_Network__LinkedIn"><img src="images/icon_error_sml.gif" alt="" /></a></td>
<td><a href="#core.SeleniumTest.test_Title_ValidationIteration__9_:_exp:_Welcome__LinkedIn_act:_Worlds_Largest_Professional_Network__LinkedIn">test_Title_Validation[Iteration # 9 : exp: Welcome! | LinkedIn; act: World's Largest Professional Network | LinkedIn]</a>
<div class="detailToggle" style="display:inline"><a href="javascript:toggleDisplay(&apos;core.SeleniumTest.test_Title_ValidationIteration__9_:_exp:_Welcome__LinkedIn_act:_Worlds_Largest_Professional_Network__LinkedIn&apos;);"><span style="display:inline;" id="core.SeleniumTest.test_Title_ValidationIteration__9_:_exp:_Welcome__LinkedIn_act:_Worlds_Largest_Professional_Network__LinkedInoff"> + </span><span style="display:none;" id="core.SeleniumTest.test_Title_ValidationIteration__9_:_exp:_Welcome__LinkedIn_act:_Worlds_Largest_Professional_Network__LinkedInon"> - </span>[ Detail ]</a></div></td>
<td>0.043</td></tr>
<tr class="a">
<td></td>
<td>FAILED expected:&lt;W[elcome!] | LinkedIn&gt; but was:&lt;W[orld's Largest Professional Network] | LinkedIn&gt;</td>
<td></td></tr>
<tr class="b">
<td></td>
<td>
<div id="core.SeleniumTest.test_Title_ValidationIteration__9_:_exp:_Welcome__LinkedIn_act:_Worlds_Largest_Professional_Network__LinkedInerror" style="display:none;">
<div>
<pre>org.junit.ComparisonFailure: FAILED expected:&lt;W[elcome!] | LinkedIn&gt; but was:&lt;W[orld's Largest Professional Network] | LinkedIn&gt;at org.junit.Assert.assertEquals(Assert.java:115)at core.SeleniumTest.test_Title_Validation(SeleniumTest.java:47)at sun.reflect.NativeMethodAccessorImpl.invoke0(Native Method)at sun.reflect.NativeMethodAccessorImpl.invoke(NativeMethodAccessorImpl.java:62)at sun.reflect.DelegatingMethodAccessorImpl.invoke(DelegatingMethodAccessorImpl.java:43)at java.lang.reflect.Method.invoke(Method.java:483)at org.junit.runners.model.FrameworkMethod$1.runReflectiveCall(FrameworkMethod.java:50)at org.junit.internal.runners.model.ReflectiveCallable.run(ReflectiveCallable.java:12)at org.junit.runners.model.FrameworkMethod.invokeExplosively(FrameworkMethod.java:47)at org.junit.internal.runners.statements.InvokeMethod.evaluate(InvokeMethod.java:17)at org.junit.runners.ParentRunner.runLeaf(ParentRunner.java:325)at org.junit.runners.BlockJUnit4ClassRunner.runChild(BlockJUnit4ClassRunner.java:78)at org.junit.runners.BlockJUnit4ClassRunner.runChild(BlockJUnit4ClassRunner.java:57)at org.junit.runners.ParentRunner$3.run(ParentRunner.java:290)at org.junit.runners.ParentRunner$1.schedule(ParentRunner.java:71)at org.junit.runners.ParentRunner.runChildren(ParentRunner.java:288)at org.junit.runners.ParentRunner.access$000(ParentRunner.java:58)at org.junit.runners.ParentRunner$2.evaluate(ParentRunner.java:268)at org.junit.runners.ParentRunner.run(ParentRunner.java:363)at org.junit.runners.Suite.runChild(Suite.java:128)at org.junit.runners.Suite.runChild(Suite.java:27)at org.junit.runners.ParentRunner$3.run(ParentRunner.java:290)at org.junit.runners.ParentRunner$1.schedule(ParentRunner.java:71)at org.junit.runners.ParentRunner.runChildren(ParentRunner.java:288)at org.junit.runners.ParentRunner.access$000(ParentRunner.java:58)at org.junit.runners.ParentRunner$2.evaluate(ParentRunner.java:268)at org.junit.internal.runners.statements.RunBefores.evaluate(RunBefores.java:26)at org.junit.runners.ParentRunner.run(ParentRunner.java:363)at org.junit.runners.Suite.runChild(Suite.java:128)at org.junit.runners.Suite.runChild(Suite.java:27)at org.junit.runners.ParentRunner$3.run(ParentRunner.java:290)at org.junit.runners.ParentRunner$1.schedule(ParentRunner.java:71)at org.junit.runners.ParentRunner.runChildren(ParentRunner.java:288)at org.junit.runners.ParentRunner.access$000(ParentRunner.java:58)at org.junit.runners.ParentRunner$2.evaluate(ParentRunner.java:268)at org.junit.runners.ParentRunner.run(ParentRunner.java:363)at org.apache.maven.surefire.junit4.JUnit4Provider.execute(JUnit4Provider.java:252)at org.apache.maven.surefire.junit4.JUnit4Provider.executeTestSet(JUnit4Provider.java:141)at org.apache.maven.surefire.junit4.JUnit4Provider.invoke(JUnit4Provider.java:112)at sun.reflect.NativeMethodAccessorImpl.invoke0(Native Method)at sun.reflect.NativeMethodAccessorImpl.invoke(NativeMethodAccessorImpl.java:62)at sun.reflect.DelegatingMethodAccessorImpl.invoke(DelegatingMethodAccessorImpl.java:43)at java.lang.reflect.Method.invoke(Method.java:483)at org.apache.maven.surefire.util.ReflectionUtils.invokeMethodWithArray(ReflectionUtils.java:189)at org.apache.maven.surefire.booter.ProviderFactory$ProviderProxy.invoke(ProviderFactory.java:165)at org.apache.maven.surefire.booter.ProviderFactory.invokeProvider(ProviderFactory.java:85)at org.apache.maven.surefire.booter.ForkedBooter.runSuitesInProcess(ForkedBooter.java:115)at org.apache.maven.surefire.booter.ForkedBooter.main(ForkedBooter.java:75)</pre></div></div></td>
<td></td></tr>
<tr class="a">
<td><a href="#core.SeleniumTest.test_Title_ValidationIteration__10_:_exp:_Welcome_act:_Worlds_Largest_Professional_Network__LinkedIn"><img src="images/icon_error_sml.gif" alt="" /></a></td>
<td><a href="#core.SeleniumTest.test_Title_ValidationIteration__10_:_exp:_Welcome_act:_Worlds_Largest_Professional_Network__LinkedIn">test_Title_Validation[Iteration # 10 : exp: Welcome!; act: World's Largest Professional Network | LinkedIn]</a>
<div class="detailToggle" style="display:inline"><a href="javascript:toggleDisplay(&apos;core.SeleniumTest.test_Title_ValidationIteration__10_:_exp:_Welcome_act:_Worlds_Largest_Professional_Network__LinkedIn&apos;);"><span style="display:inline;" id="core.SeleniumTest.test_Title_ValidationIteration__10_:_exp:_Welcome_act:_Worlds_Largest_Professional_Network__LinkedInoff"> + </span><span style="display:none;" id="core.SeleniumTest.test_Title_ValidationIteration__10_:_exp:_Welcome_act:_Worlds_Largest_Professional_Network__LinkedInon"> - </span>[ Detail ]</a></div></td>
<td>0.001</td></tr>
<tr class="b">
<td></td>
<td>FAILED expected:&lt;W[elcome!]&gt; but was:&lt;W[orld's Largest Professional Network | LinkedIn]&gt;</td>
<td></td></tr>
<tr class="a">
<td></td>
<td>
<div id="core.SeleniumTest.test_Title_ValidationIteration__10_:_exp:_Welcome_act:_Worlds_Largest_Professional_Network__LinkedInerror" style="display:none;">
<div>
<pre>org.junit.ComparisonFailure: FAILED expected:&lt;W[elcome!]&gt; but was:&lt;W[orld's Largest Professional Network | LinkedIn]&gt;at org.junit.Assert.assertEquals(Assert.java:115)at core.SeleniumTest.test_Title_Validation(SeleniumTest.java:47)at sun.reflect.NativeMethodAccessorImpl.invoke0(Native Method)at sun.reflect.NativeMethodAccessorImpl.invoke(NativeMethodAccessorImpl.java:62)at sun.reflect.DelegatingMethodAccessorImpl.invoke(DelegatingMethodAccessorImpl.java:43)at java.lang.reflect.Method.invoke(Method.java:483)at org.junit.runners.model.FrameworkMethod$1.runReflectiveCall(FrameworkMethod.java:50)at org.junit.internal.runners.model.ReflectiveCallable.run(ReflectiveCallable.java:12)at org.junit.runners.model.FrameworkMethod.invokeExplosively(FrameworkMethod.java:47)at org.junit.internal.runners.statements.InvokeMethod.evaluate(InvokeMethod.java:17)at org.junit.runners.ParentRunner.runLeaf(ParentRunner.java:325)at org.junit.runners.BlockJUnit4ClassRunner.runChild(BlockJUnit4ClassRunner.java:78)at org.junit.runners.BlockJUnit4ClassRunner.runChild(BlockJUnit4ClassRunner.java:57)at org.junit.runners.ParentRunner$3.run(ParentRunner.java:290)at org.junit.runners.ParentRunner$1.schedule(ParentRunner.java:71)at org.junit.runners.ParentRunner.runChildren(ParentRunner.java:288)at org.junit.runners.ParentRunner.access$000(ParentRunner.java:58)at org.junit.runners.ParentRunner$2.evaluate(ParentRunner.java:268)at org.junit.runners.ParentRunner.run(ParentRunner.java:363)at org.junit.runners.Suite.runChild(Suite.java:128)at org.junit.runners.Suite.runChild(Suite.java:27)at org.junit.runners.ParentRunner$3.run(ParentRunner.java:290)at org.junit.runners.ParentRunner$1.schedule(ParentRunner.java:71)at org.junit.runners.ParentRunner.runChildren(ParentRunner.java:288)at org.junit.runners.ParentRunner.access$000(ParentRunner.java:58)at org.junit.runners.ParentRunner$2.evaluate(ParentRunner.java:268)at org.junit.internal.runners.statements.RunBefores.evaluate(RunBefores.java:26)at org.junit.runners.ParentRunner.run(ParentRunner.java:363)at org.junit.runners.Suite.runChild(Suite.java:128)at org.junit.runners.Suite.runChild(Suite.java:27)at org.junit.runners.ParentRunner$3.run(ParentRunner.java:290)at org.junit.runners.ParentRunner$1.schedule(ParentRunner.java:71)at org.junit.runners.ParentRunner.runChildren(ParentRunner.java:288)at org.junit.runners.ParentRunner.access$000(ParentRunner.java:58)at org.junit.runners.ParentRunner$2.evaluate(ParentRunner.java:268)at org.junit.runners.ParentRunner.run(ParentRunner.java:363)at org.apache.maven.surefire.junit4.JUnit4Provider.execute(JUnit4Provider.java:252)at org.apache.maven.surefire.junit4.JUnit4Provider.executeTestSet(JUnit4Provider.java:141)at org.apache.maven.surefire.junit4.JUnit4Provider.invoke(JUnit4Provider.java:112)at sun.reflect.NativeMethodAccessorImpl.invoke0(Native Method)at sun.reflect.NativeMethodAccessorImpl.invoke(NativeMethodAccessorImpl.java:62)at sun.reflect.DelegatingMethodAccessorImpl.invoke(DelegatingMethodAccessorImpl.java:43)at java.lang.reflect.Method.invoke(Method.java:483)at org.apache.maven.surefire.util.ReflectionUtils.invokeMethodWithArray(ReflectionUtils.java:189)at org.apache.maven.surefire.booter.ProviderFactory$ProviderProxy.invoke(ProviderFactory.java:165)at org.apache.maven.surefire.booter.ProviderFactory.invokeProvider(ProviderFactory.java:85)at org.apache.maven.surefire.booter.ForkedBooter.runSuitesInProcess(ForkedBooter.java:115)at org.apache.maven.surefire.booter.ForkedBooter.main(ForkedBooter.java:75)</pre></div></div></td>
<td></td></tr>
<tr class="b">
<td><img src="images/icon_success_sml.gif" alt="" /></td>
<td>test_Title_Validation[Iteration # 11 : exp: Coursera - Free Online Courses From Top Universities; act: Coursera - Free Online Courses From Top Universities]</td>
<td>0</td></tr>
<tr class="a">
<td><a href="#core.SeleniumTest.test_Title_ValidationIteration__12_:_exp:_Courser_-_Free_Online_Courses_From_Top_Universities_act:_Coursera_-_Free_Online_Courses_From_Top_Universities"><img src="images/icon_error_sml.gif" alt="" /></a></td>
<td><a href="#core.SeleniumTest.test_Title_ValidationIteration__12_:_exp:_Courser_-_Free_Online_Courses_From_Top_Universities_act:_Coursera_-_Free_Online_Courses_From_Top_Universities">test_Title_Validation[Iteration # 12 : exp: Courser - Free Online Courses From Top Universities; act: Coursera - Free Online Courses From Top Universities]</a>
<div class="detailToggle" style="display:inline"><a href="javascript:toggleDisplay(&apos;core.SeleniumTest.test_Title_ValidationIteration__12_:_exp:_Courser_-_Free_Online_Courses_From_Top_Universities_act:_Coursera_-_Free_Online_Courses_From_Top_Universities&apos;);"><span style="display:inline;" id="core.SeleniumTest.test_Title_ValidationIteration__12_:_exp:_Courser_-_Free_Online_Courses_From_Top_Universities_act:_Coursera_-_Free_Online_Courses_From_Top_Universitiesoff"> + </span><span style="display:none;" id="core.SeleniumTest.test_Title_ValidationIteration__12_:_exp:_Courser_-_Free_Online_Courses_From_Top_Universities_act:_Coursera_-_Free_Online_Courses_From_Top_Universitieson"> - </span>[ Detail ]</a></div></td>
<td>0.001</td></tr>
<tr class="b">
<td></td>
<td>FAILED expected:&lt;Courser[] - Free Online Cours...&gt; but was:&lt;Courser[a] - Free Online Cours...&gt;</td>
<td></td></tr>
<tr class="a">
<td></td>
<td>
<div id="core.SeleniumTest.test_Title_ValidationIteration__12_:_exp:_Courser_-_Free_Online_Courses_From_Top_Universities_act:_Coursera_-_Free_Online_Courses_From_Top_Universitieserror" style="display:none;">
<div>
<pre>org.junit.ComparisonFailure: FAILED expected:&lt;Courser[] - Free Online Cours...&gt; but was:&lt;Courser[a] - Free Online Cours...&gt;at org.junit.Assert.assertEquals(Assert.java:115)at core.SeleniumTest.test_Title_Validation(SeleniumTest.java:47)at sun.reflect.NativeMethodAccessorImpl.invoke0(Native Method)at sun.reflect.NativeMethodAccessorImpl.invoke(NativeMethodAccessorImpl.java:62)at sun.reflect.DelegatingMethodAccessorImpl.invoke(DelegatingMethodAccessorImpl.java:43)at java.lang.reflect.Method.invoke(Method.java:483)at org.junit.runners.model.FrameworkMethod$1.runReflectiveCall(FrameworkMethod.java:50)at org.junit.internal.runners.model.ReflectiveCallable.run(ReflectiveCallable.java:12)at org.junit.runners.model.FrameworkMethod.invokeExplosively(FrameworkMethod.java:47)at org.junit.internal.runners.statements.InvokeMethod.evaluate(InvokeMethod.java:17)at org.junit.runners.ParentRunner.runLeaf(ParentRunner.java:325)at org.junit.runners.BlockJUnit4ClassRunner.runChild(BlockJUnit4ClassRunner.java:78)at org.junit.runners.BlockJUnit4ClassRunner.runChild(BlockJUnit4ClassRunner.java:57)at org.junit.runners.ParentRunner$3.run(ParentRunner.java:290)at org.junit.runners.ParentRunner$1.schedule(ParentRunner.java:71)at org.junit.runners.ParentRunner.runChildren(ParentRunner.java:288)at org.junit.runners.ParentRunner.access$000(ParentRunner.java:58)at org.junit.runners.ParentRunner$2.evaluate(ParentRunner.java:268)at org.junit.runners.ParentRunner.run(ParentRunner.java:363)at org.junit.runners.Suite.runChild(Suite.java:128)at org.junit.runners.Suite.runChild(Suite.java:27)at org.junit.runners.ParentRunner$3.run(ParentRunner.java:290)at org.junit.runners.ParentRunner$1.schedule(ParentRunner.java:71)at org.junit.runners.ParentRunner.runChildren(ParentRunner.java:288)at org.junit.runners.ParentRunner.access$000(ParentRunner.java:58)at org.junit.runners.ParentRunner$2.evaluate(ParentRunner.java:268)at org.junit.internal.runners.statements.RunBefores.evaluate(RunBefores.java:26)at org.junit.runners.ParentRunner.run(ParentRunner.java:363)at org.junit.runners.Suite.runChild(Suite.java:128)at org.junit.runners.Suite.runChild(Suite.java:27)at org.junit.runners.ParentRunner$3.run(ParentRunner.java:290)at org.junit.runners.ParentRunner$1.schedule(ParentRunner.java:71)at org.junit.runners.ParentRunner.runChildren(ParentRunner.java:288)at org.junit.runners.ParentRunner.access$000(ParentRunner.java:58)at org.junit.runners.ParentRunner$2.evaluate(ParentRunner.java:268)at org.junit.runners.ParentRunner.run(ParentRunner.java:363)at org.apache.maven.surefire.junit4.JUnit4Provider.execute(JUnit4Provider.java:252)at org.apache.maven.surefire.junit4.JUnit4Provider.executeTestSet(JUnit4Provider.java:141)at org.apache.maven.surefire.junit4.JUnit4Provider.invoke(JUnit4Provider.java:112)at sun.reflect.NativeMethodAccessorImpl.invoke0(Native Method)at sun.reflect.NativeMethodAccessorImpl.invoke(NativeMethodAccessorImpl.java:62)at sun.reflect.DelegatingMethodAccessorImpl.invoke(DelegatingMethodAccessorImpl.java:43)at java.lang.reflect.Method.invoke(Method.java:483)at org.apache.maven.surefire.util.ReflectionUtils.invokeMethodWithArray(ReflectionUtils.java:189)at org.apache.maven.surefire.booter.ProviderFactory$ProviderProxy.invoke(ProviderFactory.java:165)at org.apache.maven.surefire.booter.ProviderFactory.invokeProvider(ProviderFactory.java:85)at org.apache.maven.surefire.booter.ForkedBooter.runSuitesInProcess(ForkedBooter.java:115)at org.apache.maven.surefire.booter.ForkedBooter.main(ForkedBooter.java:75)</pre></div></div></td>
<td></td></tr>
<tr class="b">
<td><img src="images/icon_success_sml.gif" alt="" /></td>
<td>test_Title_Validation[Iteration # 13 : exp: Coursera - Free Online Courses From Top Universities; act: Coursera - Free Online Courses From Top Universities]</td>
<td>0.001</td></tr>
<tr class="a">
<td><a href="#core.SeleniumTest.test_Title_ValidationIteration__14_:_exp:_Online_Courses_-_Anytime_act:_Online_Courses_-_Anytime_Anywhere__Udemy"><img src="images/icon_error_sml.gif" alt="" /></a></td>
<td><a href="#core.SeleniumTest.test_Title_ValidationIteration__14_:_exp:_Online_Courses_-_Anytime_act:_Online_Courses_-_Anytime_Anywhere__Udemy">test_Title_Validation[Iteration # 14 : exp: Online Courses - Anytime; act: Online Courses - Anytime, Anywhere | Udemy]</a>
<div class="detailToggle" style="display:inline"><a href="javascript:toggleDisplay(&apos;core.SeleniumTest.test_Title_ValidationIteration__14_:_exp:_Online_Courses_-_Anytime_act:_Online_Courses_-_Anytime_Anywhere__Udemy&apos;);"><span style="display:inline;" id="core.SeleniumTest.test_Title_ValidationIteration__14_:_exp:_Online_Courses_-_Anytime_act:_Online_Courses_-_Anytime_Anywhere__Udemyoff"> + </span><span style="display:none;" id="core.SeleniumTest.test_Title_ValidationIteration__14_:_exp:_Online_Courses_-_Anytime_act:_Online_Courses_-_Anytime_Anywhere__Udemyon"> - </span>[ Detail ]</a></div></td>
<td>0.007</td></tr>
<tr class="b">
<td></td>
<td>FAILED expected:&lt;...ne Courses - Anytime[]&gt; but was:&lt;...ne Courses - Anytime[, Anywhere | Udemy]&gt;</td>
<td></td></tr>
<tr class="a">
<td></td>
<td>
<div id="core.SeleniumTest.test_Title_ValidationIteration__14_:_exp:_Online_Courses_-_Anytime_act:_Online_Courses_-_Anytime_Anywhere__Udemyerror" style="display:none;">
<div>
<pre>org.junit.ComparisonFailure: FAILED expected:&lt;...ne Courses - Anytime[]&gt; but was:&lt;...ne Courses - Anytime[, Anywhere | Udemy]&gt;at org.junit.Assert.assertEquals(Assert.java:115)at core.SeleniumTest.test_Title_Validation(SeleniumTest.java:47)at sun.reflect.NativeMethodAccessorImpl.invoke0(Native Method)at sun.reflect.NativeMethodAccessorImpl.invoke(NativeMethodAccessorImpl.java:62)at sun.reflect.DelegatingMethodAccessorImpl.invoke(DelegatingMethodAccessorImpl.java:43)at java.lang.reflect.Method.invoke(Method.java:483)at org.junit.runners.model.FrameworkMethod$1.runReflectiveCall(FrameworkMethod.java:50)at org.junit.internal.runners.model.ReflectiveCallable.run(ReflectiveCallable.java:12)at org.junit.runners.model.FrameworkMethod.invokeExplosively(FrameworkMethod.java:47)at org.junit.internal.runners.statements.InvokeMethod.evaluate(InvokeMethod.java:17)at org.junit.runners.ParentRunner.runLeaf(ParentRunner.java:325)at org.junit.runners.BlockJUnit4ClassRunner.runChild(BlockJUnit4ClassRunner.java:78)at org.junit.runners.BlockJUnit4ClassRunner.runChild(BlockJUnit4ClassRunner.java:57)at org.junit.runners.ParentRunner$3.run(ParentRunner.java:290)at org.junit.runners.ParentRunner$1.schedule(ParentRunner.java:71)at org.junit.runners.ParentRunner.runChildren(ParentRunner.java:288)at org.junit.runners.ParentRunner.access$000(ParentRunner.java:58)at org.junit.runners.ParentRunner$2.evaluate(ParentRunner.java:268)at org.junit.runners.ParentRunner.run(ParentRunner.java:363)at org.junit.runners.Suite.runChild(Suite.java:128)at org.junit.runners.Suite.runChild(Suite.java:27)at org.junit.runners.ParentRunner$3.run(ParentRunner.java:290)at org.junit.runners.ParentRunner$1.schedule(ParentRunner.java:71)at org.junit.runners.ParentRunner.runChildren(ParentRunner.java:288)at org.junit.runners.ParentRunner.access$000(ParentRunner.java:58)at org.junit.runners.ParentRunner$2.evaluate(ParentRunner.java:268)at org.junit.internal.runners.statements.RunBefores.evaluate(RunBefores.java:26)at org.junit.runners.ParentRunner.run(ParentRunner.java:363)at org.junit.runners.Suite.runChild(Suite.java:128)at org.junit.runners.Suite.runChild(Suite.java:27)at org.junit.runners.ParentRunner$3.run(ParentRunner.java:290)at org.junit.runners.ParentRunner$1.schedule(ParentRunner.java:71)at org.junit.runners.ParentRunner.runChildren(ParentRunner.java:288)at org.junit.runners.ParentRunner.access$000(ParentRunner.java:58)at org.junit.runners.ParentRunner$2.evaluate(ParentRunner.java:268)at org.junit.runners.ParentRunner.run(ParentRunner.java:363)at org.apache.maven.surefire.junit4.JUnit4Provider.execute(JUnit4Provider.java:252)at org.apache.maven.surefire.junit4.JUnit4Provider.executeTestSet(JUnit4Provider.java:141)at org.apache.maven.surefire.junit4.JUnit4Provider.invoke(JUnit4Provider.java:112)at sun.reflect.NativeMethodAccessorImpl.invoke0(Native Method)at sun.reflect.NativeMethodAccessorImpl.invoke(NativeMethodAccessorImpl.java:62)at sun.reflect.DelegatingMethodAccessorImpl.invoke(DelegatingMethodAccessorImpl.java:43)at java.lang.reflect.Method.invoke(Method.java:483)at org.apache.maven.surefire.util.ReflectionUtils.invokeMethodWithArray(ReflectionUtils.java:189)at org.apache.maven.surefire.booter.ProviderFactory$ProviderProxy.invoke(ProviderFactory.java:165)at org.apache.maven.surefire.booter.ProviderFactory.invokeProvider(ProviderFactory.java:85)at org.apache.maven.surefire.booter.ForkedBooter.runSuitesInProcess(ForkedBooter.java:115)at org.apache.maven.surefire.booter.ForkedBooter.main(ForkedBooter.java:75)</pre></div></div></td>
<td></td></tr>
<tr class="b">
<td><a href="#core.SeleniumTest.test_Title_ValidationIteration__15_:_exp:_Online_Course_-_Anytime_act:_Online_Courses_-_Anytime_Anywhere__Udemy"><img src="images/icon_error_sml.gif" alt="" /></a></td>
<td><a href="#core.SeleniumTest.test_Title_ValidationIteration__15_:_exp:_Online_Course_-_Anytime_act:_Online_Courses_-_Anytime_Anywhere__Udemy">test_Title_Validation[Iteration # 15 : exp: Online Course - Anytime; act: Online Courses - Anytime, Anywhere | Udemy]</a>
<div class="detailToggle" style="display:inline"><a href="javascript:toggleDisplay(&apos;core.SeleniumTest.test_Title_ValidationIteration__15_:_exp:_Online_Course_-_Anytime_act:_Online_Courses_-_Anytime_Anywhere__Udemy&apos;);"><span style="display:inline;" id="core.SeleniumTest.test_Title_ValidationIteration__15_:_exp:_Online_Course_-_Anytime_act:_Online_Courses_-_Anytime_Anywhere__Udemyoff"> + </span><span style="display:none;" id="core.SeleniumTest.test_Title_ValidationIteration__15_:_exp:_Online_Course_-_Anytime_act:_Online_Courses_-_Anytime_Anywhere__Udemyon"> - </span>[ Detail ]</a></div></td>
<td>0.001</td></tr>
<tr class="a">
<td></td>
<td>FAILED expected:&lt;Online Course[ - Anytime]&gt; but was:&lt;Online Course[s - Anytime, Anywhere | Udemy]&gt;</td>
<td></td></tr>
<tr class="b">
<td></td>
<td>
<div id="core.SeleniumTest.test_Title_ValidationIteration__15_:_exp:_Online_Course_-_Anytime_act:_Online_Courses_-_Anytime_Anywhere__Udemyerror" style="display:none;">
<div>
<pre>org.junit.ComparisonFailure: FAILED expected:&lt;Online Course[ - Anytime]&gt; but was:&lt;Online Course[s - Anytime, Anywhere | Udemy]&gt;at org.junit.Assert.assertEquals(Assert.java:115)at core.SeleniumTest.test_Title_Validation(SeleniumTest.java:47)at sun.reflect.NativeMethodAccessorImpl.invoke0(Native Method)at sun.reflect.NativeMethodAccessorImpl.invoke(NativeMethodAccessorImpl.java:62)at sun.reflect.DelegatingMethodAccessorImpl.invoke(DelegatingMethodAccessorImpl.java:43)at java.lang.reflect.Method.invoke(Method.java:483)at org.junit.runners.model.FrameworkMethod$1.runReflectiveCall(FrameworkMethod.java:50)at org.junit.internal.runners.model.ReflectiveCallable.run(ReflectiveCallable.java:12)at org.junit.runners.model.FrameworkMethod.invokeExplosively(FrameworkMethod.java:47)at org.junit.internal.runners.statements.InvokeMethod.evaluate(InvokeMethod.java:17)at org.junit.runners.ParentRunner.runLeaf(ParentRunner.java:325)at org.junit.runners.BlockJUnit4ClassRunner.runChild(BlockJUnit4ClassRunner.java:78)at org.junit.runners.BlockJUnit4ClassRunner.runChild(BlockJUnit4ClassRunner.java:57)at org.junit.runners.ParentRunner$3.run(ParentRunner.java:290)at org.junit.runners.ParentRunner$1.schedule(ParentRunner.java:71)at org.junit.runners.ParentRunner.runChildren(ParentRunner.java:288)at org.junit.runners.ParentRunner.access$000(ParentRunner.java:58)at org.junit.runners.ParentRunner$2.evaluate(ParentRunner.java:268)at org.junit.runners.ParentRunner.run(ParentRunner.java:363)at org.junit.runners.Suite.runChild(Suite.java:128)at org.junit.runners.Suite.runChild(Suite.java:27)at org.junit.runners.ParentRunner$3.run(ParentRunner.java:290)at org.junit.runners.ParentRunner$1.schedule(ParentRunner.java:71)at org.junit.runners.ParentRunner.runChildren(ParentRunner.java:288)at org.junit.runners.ParentRunner.access$000(ParentRunner.java:58)at org.junit.runners.ParentRunner$2.evaluate(ParentRunner.java:268)at org.junit.internal.runners.statements.RunBefores.evaluate(RunBefores.java:26)at org.junit.runners.ParentRunner.run(ParentRunner.java:363)at org.junit.runners.Suite.runChild(Suite.java:128)at org.junit.runners.Suite.runChild(Suite.java:27)at org.junit.runners.ParentRunner$3.run(ParentRunner.java:290)at org.junit.runners.ParentRunner$1.schedule(ParentRunner.java:71)at org.junit.runners.ParentRunner.runChildren(ParentRunner.java:288)at org.junit.runners.ParentRunner.access$000(ParentRunner.java:58)at org.junit.runners.ParentRunner$2.evaluate(ParentRunner.java:268)at org.junit.runners.ParentRunner.run(ParentRunner.java:363)at org.apache.maven.surefire.junit4.JUnit4Provider.execute(JUnit4Provider.java:252)at org.apache.maven.surefire.junit4.JUnit4Provider.executeTestSet(JUnit4Provider.java:141)at org.apache.maven.surefire.junit4.JUnit4Provider.invoke(JUnit4Provider.java:112)at sun.reflect.NativeMethodAccessorImpl.invoke0(Native Method)at sun.reflect.NativeMethodAccessorImpl.invoke(NativeMethodAccessorImpl.java:62)at sun.reflect.DelegatingMethodAccessorImpl.invoke(DelegatingMethodAccessorImpl.java:43)at java.lang.reflect.Method.invoke(Method.java:483)at org.apache.maven.surefire.util.ReflectionUtils.invokeMethodWithArray(ReflectionUtils.java:189)at org.apache.maven.surefire.booter.ProviderFactory$ProviderProxy.invoke(ProviderFactory.java:165)at org.apache.maven.surefire.booter.ProviderFactory.invokeProvider(ProviderFactory.java:85)at org.apache.maven.surefire.booter.ForkedBooter.runSuitesInProcess(ForkedBooter.java:115)at org.apache.maven.surefire.booter.ForkedBooter.main(ForkedBooter.java:75)</pre></div></div></td>
<td></td></tr>
<tr class="a">
<td><a href="#core.SeleniumTest.test_Title_ValidationIteration__16_:_exp:_Oracle__Hardware_and_Software_act:_Oracle__Hardware_and_Software_Engineered_to_Work_Together"><img src="images/icon_error_sml.gif" alt="" /></a></td>
<td><a href="#core.SeleniumTest.test_Title_ValidationIteration__16_:_exp:_Oracle__Hardware_and_Software_act:_Oracle__Hardware_and_Software_Engineered_to_Work_Together">test_Title_Validation[Iteration # 16 : exp: Oracle | Hardware and Software; act: Oracle | Hardware and Software, Engineered to Work Together]</a>
<div class="detailToggle" style="display:inline"><a href="javascript:toggleDisplay(&apos;core.SeleniumTest.test_Title_ValidationIteration__16_:_exp:_Oracle__Hardware_and_Software_act:_Oracle__Hardware_and_Software_Engineered_to_Work_Together&apos;);"><span style="display:inline;" id="core.SeleniumTest.test_Title_ValidationIteration__16_:_exp:_Oracle__Hardware_and_Software_act:_Oracle__Hardware_and_Software_Engineered_to_Work_Togetheroff"> + </span><span style="display:none;" id="core.SeleniumTest.test_Title_ValidationIteration__16_:_exp:_Oracle__Hardware_and_Software_act:_Oracle__Hardware_and_Software_Engineered_to_Work_Togetheron"> - </span>[ Detail ]</a></div></td>
<td>0.001</td></tr>
<tr class="b">
<td></td>
<td>FAILED expected:&lt;...ardware and Software[]&gt; but was:&lt;...ardware and Software[, Engineered to Work Together]&gt;</td>
<td></td></tr>
<tr class="a">
<td></td>
<td>
<div id="core.SeleniumTest.test_Title_ValidationIteration__16_:_exp:_Oracle__Hardware_and_Software_act:_Oracle__Hardware_and_Software_Engineered_to_Work_Togethererror" style="display:none;">
<div>
<pre>org.junit.ComparisonFailure: FAILED expected:&lt;...ardware and Software[]&gt; but was:&lt;...ardware and Software[, Engineered to Work Together]&gt;at org.junit.Assert.assertEquals(Assert.java:115)at core.SeleniumTest.test_Title_Validation(SeleniumTest.java:47)at sun.reflect.GeneratedMethodAccessor5.invoke(Unknown Source)at sun.reflect.DelegatingMethodAccessorImpl.invoke(DelegatingMethodAccessorImpl.java:43)at java.lang.reflect.Method.invoke(Method.java:483)at org.junit.runners.model.FrameworkMethod$1.runReflectiveCall(FrameworkMethod.java:50)at org.junit.internal.runners.model.ReflectiveCallable.run(ReflectiveCallable.java:12)at org.junit.runners.model.FrameworkMethod.invokeExplosively(FrameworkMethod.java:47)at org.junit.internal.runners.statements.InvokeMethod.evaluate(InvokeMethod.java:17)at org.junit.runners.ParentRunner.runLeaf(ParentRunner.java:325)at org.junit.runners.BlockJUnit4ClassRunner.runChild(BlockJUnit4ClassRunner.java:78)at org.junit.runners.BlockJUnit4ClassRunner.runChild(BlockJUnit4ClassRunner.java:57)at org.junit.runners.ParentRunner$3.run(ParentRunner.java:290)at org.junit.runners.ParentRunner$1.schedule(ParentRunner.java:71)at org.junit.runners.ParentRunner.runChildren(ParentRunner.java:288)at org.junit.runners.ParentRunner.access$000(ParentRunner.java:58)at org.junit.runners.ParentRunner$2.evaluate(ParentRunner.java:268)at org.junit.runners.ParentRunner.run(ParentRunner.java:363)at org.junit.runners.Suite.runChild(Suite.java:128)at org.junit.runners.Suite.runChild(Suite.java:27)at org.junit.runners.ParentRunner$3.run(ParentRunner.java:290)at org.junit.runners.ParentRunner$1.schedule(ParentRunner.java:71)at org.junit.runners.ParentRunner.runChildren(ParentRunner.java:288)at org.junit.runners.ParentRunner.access$000(ParentRunner.java:58)at org.junit.runners.ParentRunner$2.evaluate(ParentRunner.java:268)at org.junit.internal.runners.statements.RunBefores.evaluate(RunBefores.java:26)at org.junit.runners.ParentRunner.run(ParentRunner.java:363)at org.junit.runners.Suite.runChild(Suite.java:128)at org.junit.runners.Suite.runChild(Suite.java:27)at org.junit.runners.ParentRunner$3.run(ParentRunner.java:290)at org.junit.runners.ParentRunner$1.schedule(ParentRunner.java:71)at org.junit.runners.ParentRunner.runChildren(ParentRunner.java:288)at org.junit.runners.ParentRunner.access$000(ParentRunner.java:58)at org.junit.runners.ParentRunner$2.evaluate(ParentRunner.java:268)at org.junit.runners.ParentRunner.run(ParentRunner.java:363)at org.apache.maven.surefire.junit4.JUnit4Provider.execute(JUnit4Provider.java:252)at org.apache.maven.surefire.junit4.JUnit4Provider.executeTestSet(JUnit4Provider.java:141)at org.apache.maven.surefire.junit4.JUnit4Provider.invoke(JUnit4Provider.java:112)at sun.reflect.NativeMethodAccessorImpl.invoke0(Native Method)at sun.reflect.NativeMethodAccessorImpl.invoke(NativeMethodAccessorImpl.java:62)at sun.reflect.DelegatingMethodAccessorImpl.invoke(DelegatingMethodAccessorImpl.java:43)at java.lang.reflect.Method.invoke(Method.java:483)at org.apache.maven.surefire.util.ReflectionUtils.invokeMethodWithArray(ReflectionUtils.java:189)at org.apache.maven.surefire.booter.ProviderFactory$ProviderProxy.invoke(ProviderFactory.java:165)at org.apache.maven.surefire.booter.ProviderFactory.invokeProvider(ProviderFactory.java:85)at org.apache.maven.surefire.booter.ForkedBooter.runSuitesInProcess(ForkedBooter.java:115)at org.apache.maven.surefire.booter.ForkedBooter.main(ForkedBooter.java:75)</pre></div></div></td>
<td></td></tr>
<tr class="b">
<td><a href="#core.SeleniumTest.test_Title_ValidationIteration__17_:_exp:_Oracl__Hardware_and_Software_act:_Oracle__Hardware_and_Software_Engineered_to_Work_Together"><img src="images/icon_error_sml.gif" alt="" /></a></td>
<td><a href="#core.SeleniumTest.test_Title_ValidationIteration__17_:_exp:_Oracl__Hardware_and_Software_act:_Oracle__Hardware_and_Software_Engineered_to_Work_Together">test_Title_Validation[Iteration # 17 : exp: Oracl | Hardware and Software; act: Oracle | Hardware and Software, Engineered to Work Together]</a>
<div class="detailToggle" style="display:inline"><a href="javascript:toggleDisplay(&apos;core.SeleniumTest.test_Title_ValidationIteration__17_:_exp:_Oracl__Hardware_and_Software_act:_Oracle__Hardware_and_Software_Engineered_to_Work_Together&apos;);"><span style="display:inline;" id="core.SeleniumTest.test_Title_ValidationIteration__17_:_exp:_Oracl__Hardware_and_Software_act:_Oracle__Hardware_and_Software_Engineered_to_Work_Togetheroff"> + </span><span style="display:none;" id="core.SeleniumTest.test_Title_ValidationIteration__17_:_exp:_Oracl__Hardware_and_Software_act:_Oracle__Hardware_and_Software_Engineered_to_Work_Togetheron"> - </span>[ Detail ]</a></div></td>
<td>0.001</td></tr>
<tr class="a">
<td></td>
<td>FAILED expected:&lt;Oracl[ | Hardware and Software]&gt; but was:&lt;Oracl[e | Hardware and Software, Engineered to Work Together]&gt;</td>
<td></td></tr>
<tr class="b">
<td></td>
<td>
<div id="core.SeleniumTest.test_Title_ValidationIteration__17_:_exp:_Oracl__Hardware_and_Software_act:_Oracle__Hardware_and_Software_Engineered_to_Work_Togethererror" style="display:none;">
<div>
<pre>org.junit.ComparisonFailure: FAILED expected:&lt;Oracl[ | Hardware and Software]&gt; but was:&lt;Oracl[e | Hardware and Software, Engineered to Work Together]&gt;at org.junit.Assert.assertEquals(Assert.java:115)at core.SeleniumTest.test_Title_Validation(SeleniumTest.java:47)at sun.reflect.GeneratedMethodAccessor5.invoke(Unknown Source)at sun.reflect.DelegatingMethodAccessorImpl.invoke(DelegatingMethodAccessorImpl.java:43)at java.lang.reflect.Method.invoke(Method.java:483)at org.junit.runners.model.FrameworkMethod$1.runReflectiveCall(FrameworkMethod.java:50)at org.junit.internal.runners.model.ReflectiveCallable.run(ReflectiveCallable.java:12)at org.junit.runners.model.FrameworkMethod.invokeExplosively(FrameworkMethod.java:47)at org.junit.internal.runners.statements.InvokeMethod.evaluate(InvokeMethod.java:17)at org.junit.runners.ParentRunner.runLeaf(ParentRunner.java:325)at org.junit.runners.BlockJUnit4ClassRunner.runChild(BlockJUnit4ClassRunner.java:78)at org.junit.runners.BlockJUnit4ClassRunner.runChild(BlockJUnit4ClassRunner.java:57)at org.junit.runners.ParentRunner$3.run(ParentRunner.java:290)at org.junit.runners.ParentRunner$1.schedule(ParentRunner.java:71)at org.junit.runners.ParentRunner.runChildren(ParentRunner.java:288)at org.junit.runners.ParentRunner.access$000(ParentRunner.java:58)at org.junit.runners.ParentRunner$2.evaluate(ParentRunner.java:268)at org.junit.runners.ParentRunner.run(ParentRunner.java:363)at org.junit.runners.Suite.runChild(Suite.java:128)at org.junit.runners.Suite.runChild(Suite.java:27)at org.junit.runners.ParentRunner$3.run(ParentRunner.java:290)at org.junit.runners.ParentRunner$1.schedule(ParentRunner.java:71)at org.junit.runners.ParentRunner.runChildren(ParentRunner.java:288)at org.junit.runners.ParentRunner.access$000(ParentRunner.java:58)at org.junit.runners.ParentRunner$2.evaluate(ParentRunner.java:268)at org.junit.internal.runners.statements.RunBefores.evaluate(RunBefores.java:26)at org.junit.runners.ParentRunner.run(ParentRunner.java:363)at org.junit.runners.Suite.runChild(Suite.java:128)at org.junit.runners.Suite.runChild(Suite.java:27)at org.junit.runners.ParentRunner$3.run(ParentRunner.java:290)at org.junit.runners.ParentRunner$1.schedule(ParentRunner.java:71)at org.junit.runners.ParentRunner.runChildren(ParentRunner.java:288)at org.junit.runners.ParentRunner.access$000(ParentRunner.java:58)at org.junit.runners.ParentRunner$2.evaluate(ParentRunner.java:268)at org.junit.runners.ParentRunner.run(ParentRunner.java:363)at org.apache.maven.surefire.junit4.JUnit4Provider.execute(JUnit4Provider.java:252)at org.apache.maven.surefire.junit4.JUnit4Provider.executeTestSet(JUnit4Provider.java:141)at org.apache.maven.surefire.junit4.JUnit4Provider.invoke(JUnit4Provider.java:112)at sun.reflect.NativeMethodAccessorImpl.invoke0(Native Method)at sun.reflect.NativeMethodAccessorImpl.invoke(NativeMethodAccessorImpl.java:62)at sun.reflect.DelegatingMethodAccessorImpl.invoke(DelegatingMethodAccessorImpl.java:43)at java.lang.reflect.Method.invoke(Method.java:483)at org.apache.maven.surefire.util.ReflectionUtils.invokeMethodWithArray(ReflectionUtils.java:189)at org.apache.maven.surefire.booter.ProviderFactory$ProviderProxy.invoke(ProviderFactory.java:165)at org.apache.maven.surefire.booter.ProviderFactory.invokeProvider(ProviderFactory.java:85)at org.apache.maven.surefire.booter.ForkedBooter.runSuitesInProcess(ForkedBooter.java:115)at org.apache.maven.surefire.booter.ForkedBooter.main(ForkedBooter.java:75)</pre></div></div></td>
<td></td></tr>
<tr class="a">
<td><a href="#core.SeleniumTest.test_Title_ValidationIteration__18_:_exp:_Honda.com:_Official_Site_of_American_Honda_Motor_Co._act:_Honda.com:_Official_Site_of_American_Honda_Motor_Co._Inc."><img src="images/icon_error_sml.gif" alt="" /></a></td>
<td><a href="#core.SeleniumTest.test_Title_ValidationIteration__18_:_exp:_Honda.com:_Official_Site_of_American_Honda_Motor_Co._act:_Honda.com:_Official_Site_of_American_Honda_Motor_Co._Inc.">test_Title_Validation[Iteration # 18 : exp: Honda.com: Official Site of American Honda Motor Co.; act: Honda.com: Official Site of American Honda Motor Co., Inc.]</a>
<div class="detailToggle" style="display:inline"><a href="javascript:toggleDisplay(&apos;core.SeleniumTest.test_Title_ValidationIteration__18_:_exp:_Honda.com:_Official_Site_of_American_Honda_Motor_Co._act:_Honda.com:_Official_Site_of_American_Honda_Motor_Co._Inc.&apos;);"><span style="display:inline;" id="core.SeleniumTest.test_Title_ValidationIteration__18_:_exp:_Honda.com:_Official_Site_of_American_Honda_Motor_Co._act:_Honda.com:_Official_Site_of_American_Honda_Motor_Co._Inc.off"> + </span><span style="display:none;" id="core.SeleniumTest.test_Title_ValidationIteration__18_:_exp:_Honda.com:_Official_Site_of_American_Honda_Motor_Co._act:_Honda.com:_Official_Site_of_American_Honda_Motor_Co._Inc.on"> - </span>[ Detail ]</a></div></td>
<td>0</td></tr>
<tr class="b">
<td></td>
<td>FAILED expected:&lt;...ican Honda Motor Co.[]&gt; but was:&lt;...ican Honda Motor Co.[, Inc.]&gt;</td>
<td></td></tr>
<tr class="a">
<td></td>
<td>
<div id="core.SeleniumTest.test_Title_ValidationIteration__18_:_exp:_Honda.com:_Official_Site_of_American_Honda_Motor_Co._act:_Honda.com:_Official_Site_of_American_Honda_Motor_Co._Inc.error" style="display:none;">
<div>
<pre>org.junit.ComparisonFailure: FAILED expected:&lt;...ican Honda Motor Co.[]&gt; but was:&lt;...ican Honda Motor Co.[, Inc.]&gt;</pre></div></div></td>
<td></td></tr>
<tr class="b">
<td><a href="#core.SeleniumTest.test_Title_ValidationIteration__19_:_exp:_Honda.com:_Official_Sites_of_American_Honda_Motor_Co._act:_Honda.com:_Official_Site_of_American_Honda_Motor_Co._Inc."><img src="images/icon_error_sml.gif" alt="" /></a></td>
<td><a href="#core.SeleniumTest.test_Title_ValidationIteration__19_:_exp:_Honda.com:_Official_Sites_of_American_Honda_Motor_Co._act:_Honda.com:_Official_Site_of_American_Honda_Motor_Co._Inc.">test_Title_Validation[Iteration # 19 : exp: Honda.com: Official Sites of American Honda Motor Co.; act: Honda.com: Official Site of American Honda Motor Co., Inc.]</a>
<div class="detailToggle" style="display:inline"><a href="javascript:toggleDisplay(&apos;core.SeleniumTest.test_Title_ValidationIteration__19_:_exp:_Honda.com:_Official_Sites_of_American_Honda_Motor_Co._act:_Honda.com:_Official_Site_of_American_Honda_Motor_Co._Inc.&apos;);"><span style="display:inline;" id="core.SeleniumTest.test_Title_ValidationIteration__19_:_exp:_Honda.com:_Official_Sites_of_American_Honda_Motor_Co._act:_Honda.com:_Official_Site_of_American_Honda_Motor_Co._Inc.off"> + </span><span style="display:none;" id="core.SeleniumTest.test_Title_ValidationIteration__19_:_exp:_Honda.com:_Official_Sites_of_American_Honda_Motor_Co._act:_Honda.com:_Official_Site_of_American_Honda_Motor_Co._Inc.on"> - </span>[ Detail ]</a></div></td>
<td>0.005</td></tr>
<tr class="a">
<td></td>
<td>FAILED expected:&lt;...a.com: Official Site[s of American Honda Motor Co].&gt; but was:&lt;...a.com: Official Site[ of American Honda Motor Co., Inc].&gt;</td>
<td></td></tr>
<tr class="b">
<td></td>
<td>
<div id="core.SeleniumTest.test_Title_ValidationIteration__19_:_exp:_Honda.com:_Official_Sites_of_American_Honda_Motor_Co._act:_Honda.com:_Official_Site_of_American_Honda_Motor_Co._Inc.error" style="display:none;">
<div>
<pre>org.junit.ComparisonFailure: FAILED expected:&lt;...a.com: Official Site[s of American Honda Motor Co].&gt; but was:&lt;...a.com: Official Site[ of American Honda Motor Co., Inc].&gt;</pre></div></div></td>
<td></td></tr>
<tr class="a">
<td><img src="images/icon_success_sml.gif" alt="" /></td>
<td>test_Title_Validation[Iteration # 20 : exp: learn2test.net; act: learn2test.net]</td>
<td>0.014</td></tr>
<tr class="b">
<td><a href="#core.SeleniumTest.test_Title_ValidationIteration__21_:_exp:_Welcome_to_Facebook_-_Log_In_act:_Welcome_to_Facebook_-_Log_In_Sign_Up_or_Learn_More"><img src="images/icon_error_sml.gif" alt="" /></a></td>
<td><a href="#core.SeleniumTest.test_Title_ValidationIteration__21_:_exp:_Welcome_to_Facebook_-_Log_In_act:_Welcome_to_Facebook_-_Log_In_Sign_Up_or_Learn_More">test_Title_Validation[Iteration # 21 : exp: Welcome to Facebook - Log In; act: Welcome to Facebook - Log In, Sign Up or Learn More]</a>
<div class="detailToggle" style="display:inline"><a href="javascript:toggleDisplay(&apos;core.SeleniumTest.test_Title_ValidationIteration__21_:_exp:_Welcome_to_Facebook_-_Log_In_act:_Welcome_to_Facebook_-_Log_In_Sign_Up_or_Learn_More&apos;);"><span style="display:inline;" id="core.SeleniumTest.test_Title_ValidationIteration__21_:_exp:_Welcome_to_Facebook_-_Log_In_act:_Welcome_to_Facebook_-_Log_In_Sign_Up_or_Learn_Moreoff"> + </span><span style="display:none;" id="core.SeleniumTest.test_Title_ValidationIteration__21_:_exp:_Welcome_to_Facebook_-_Log_In_act:_Welcome_to_Facebook_-_Log_In_Sign_Up_or_Learn_Moreon"> - </span>[ Detail ]</a></div></td>
<td>0</td></tr>
<tr class="a">
<td></td>
<td>FAILED expected:&lt;...to Facebook - Log In[]&gt; but was:&lt;...to Facebook - Log In[, Sign Up or Learn More]&gt;</td>
<td></td></tr>
<tr class="b">
<td></td>
<td>
<div id="core.SeleniumTest.test_Title_ValidationIteration__21_:_exp:_Welcome_to_Facebook_-_Log_In_act:_Welcome_to_Facebook_-_Log_In_Sign_Up_or_Learn_Moreerror" style="display:none;">
<div>
<pre>org.junit.ComparisonFailure: FAILED expected:&lt;...to Facebook - Log In[]&gt; but was:&lt;...to Facebook - Log In[, Sign Up or Learn More]&gt;at org.junit.Assert.assertEquals(Assert.java:115)at core.SeleniumTest.test_Title_Validation(SeleniumTest.java:47)at sun.reflect.GeneratedMethodAccessor5.invoke(Unknown Source)	at sun.reflect.DelegatingMethodAccessorImpl.invoke(DelegatingMethodAccessorImpl.java:43)at java.lang.reflect.Method.invoke(Method.java:483)at org.junit.runners.model.FrameworkMethod$1.runReflectiveCall(FrameworkMethod.java:50)at org.junit.internal.runners.model.ReflectiveCallable.run(ReflectiveCallable.java:12)at org.junit.runners.model.FrameworkMethod.invokeExplosively(FrameworkMethod.java:47)at org.junit.internal.runners.statements.InvokeMethod.evaluate(InvokeMethod.java:17)at org.junit.runners.ParentRunner.runLeaf(ParentRunner.java:325)at org.junit.runners.BlockJUnit4ClassRunner.runChild(BlockJUnit4ClassRunner.java:78)at org.junit.runners.BlockJUnit4ClassRunner.runChild(BlockJUnit4ClassRunner.java:57)at org.junit.runners.ParentRunner$3.run(ParentRunner.java:290)at org.junit.runners.ParentRunner$1.schedule(ParentRunner.java:71)at org.junit.runners.ParentRunner.runChildren(ParentRunner.java:288)at org.junit.runners.ParentRunner.access$000(ParentRunner.java:58)at org.junit.runners.ParentRunner$2.evaluate(ParentRunner.java:268)at org.junit.runners.ParentRunner.run(ParentRunner.java:363)at org.junit.runners.Suite.runChild(Suite.java:128)at org.junit.runners.Suite.runChild(Suite.java:27)at org.junit.runners.ParentRunner$3.run(ParentRunner.java:290)at org.junit.runners.ParentRunner$1.schedule(ParentRunner.java:71)at org.junit.runners.ParentRunner.runChildren(ParentRunner.java:288)at org.junit.runners.ParentRunner.access$000(ParentRunner.java:58)at org.junit.runners.ParentRunner$2.evaluate(ParentRunner.java:268)at org.junit.internal.runners.statements.RunBefores.evaluate(RunBefores.java:26)at org.junit.runners.ParentRunner.run(ParentRunner.java:363)at org.junit.runners.Suite.runChild(Suite.java:128)at org.junit.runners.Suite.runChild(Suite.java:27)at org.junit.runners.ParentRunner$3.run(ParentRunner.java:290)at org.junit.runners.ParentRunner$1.schedule(ParentRunner.java:71)at org.junit.runners.ParentRunner.runChildren(ParentRunner.java:288)at org.junit.runners.ParentRunner.access$000(ParentRunner.java:58)at org.junit.runners.ParentRunner$2.evaluate(ParentRunner.java:268)at org.junit.runners.ParentRunner.run(ParentRunner.java:363)at org.apache.maven.surefire.junit4.JUnit4Provider.execute(JUnit4Provider.java:252)at org.apache.maven.surefire.junit4.JUnit4Provider.executeTestSet(JUnit4Provider.java:141)at org.apache.maven.surefire.junit4.JUnit4Provider.invoke(JUnit4Provider.java:112)at sun.reflect.NativeMethodAccessorImpl.invoke0(Native Method)at sun.reflect.NativeMethodAccessorImpl.invoke(NativeMethodAccessorImpl.java:62)at sun.reflect.DelegatingMethodAccessorImpl.invoke(DelegatingMethodAccessorImpl.java:43)at java.lang.reflect.Method.invoke(Method.java:483)at org.apache.maven.surefire.util.ReflectionUtils.invokeMethodWithArray(ReflectionUtils.java:189)at org.apache.maven.surefire.booter.ProviderFactory$ProviderProxy.invoke(ProviderFactory.java:165)at org.apache.maven.surefire.booter.ProviderFactory.invokeProvider(ProviderFactory.java:85)at org.apache.maven.surefire.booter.ForkedBooter.runSuitesInProcess(ForkedBooter.java:115)at org.apache.maven.surefire.booter.ForkedBooter.main(ForkedBooter.java:75)</pre></div></div></td>
<td></td></tr>
<tr class="a">
<td><a href="#core.SeleniumTest.test_Title_ValidationIteration__22_:_exp:_Online_Course_-_Anytime_act:_Online_Courses_-_Anytime_Anywhere__Udemy"><img src="images/icon_error_sml.gif" alt="" /></a></td>
<td><a href="#core.SeleniumTest.test_Title_ValidationIteration__22_:_exp:_Online_Course_-_Anytime_act:_Online_Courses_-_Anytime_Anywhere__Udemy">test_Title_Validation[Iteration # 22 : exp: Online Course - Anytime; act: Online Courses - Anytime, Anywhere | Udemy]</a>
<div class="detailToggle" style="display:inline"><a href="javascript:toggleDisplay(&apos;core.SeleniumTest.test_Title_ValidationIteration__22_:_exp:_Online_Course_-_Anytime_act:_Online_Courses_-_Anytime_Anywhere__Udemy&apos;);"><span style="display:inline;" id="core.SeleniumTest.test_Title_ValidationIteration__22_:_exp:_Online_Course_-_Anytime_act:_Online_Courses_-_Anytime_Anywhere__Udemyoff"> + </span><span style="display:none;" id="core.SeleniumTest.test_Title_ValidationIteration__22_:_exp:_Online_Course_-_Anytime_act:_Online_Courses_-_Anytime_Anywhere__Udemyon"> - </span>[ Detail ]</a></div></td>
<td>0</td></tr>
<tr class="b">
<td></td>
<td>FAILED expected:&lt;Online Course[ - Anytime]&gt; but was:&lt;Online Course[s - Anytime, Anywhere | Udemy]&gt;</td>
<td></td></tr>
<tr class="a">
<td></td>
<td>
<div id="core.SeleniumTest.test_Title_ValidationIteration__22_:_exp:_Online_Course_-_Anytime_act:_Online_Courses_-_Anytime_Anywhere__Udemyerror" style="display:none;">
<div>
<pre>org.junit.ComparisonFailure: FAILED expected:&lt;Online Course[ - Anytime]&gt; but was:&lt;Online Course[s - Anytime, Anywhere | Udemy]&gt;at org.junit.Assert.assertEquals(Assert.java:115)at core.SeleniumTest.test_Title_Validation(SeleniumTest.java:47)at sun.reflect.GeneratedMethodAccessor5.invoke(Unknown Source)at sun.reflect.DelegatingMethodAccessorImpl.invoke(DelegatingMethodAccessorImpl.java:43)at java.lang.reflect.Method.invoke(Method.java:483)at org.junit.runners.model.FrameworkMethod$1.runReflectiveCall(FrameworkMethod.java:50)at org.junit.internal.runners.model.ReflectiveCallable.run(ReflectiveCallable.java:12)at org.junit.runners.model.FrameworkMethod.invokeExplosively(FrameworkMethod.java:47)at org.junit.internal.runners.statements.InvokeMethod.evaluate(InvokeMethod.java:17)at org.junit.runners.ParentRunner.runLeaf(ParentRunner.java:325)at org.junit.runners.BlockJUnit4ClassRunner.runChild(BlockJUnit4ClassRunner.java:78)at org.junit.runners.BlockJUnit4ClassRunner.runChild(BlockJUnit4ClassRunner.java:57)at org.junit.runners.ParentRunner$3.run(ParentRunner.java:290)at org.junit.runners.ParentRunner$1.schedule(ParentRunner.java:71)at org.junit.runners.ParentRunner.runChildren(ParentRunner.java:288)at org.junit.runners.ParentRunner.access$000(ParentRunner.java:58)at org.junit.runners.ParentRunner$2.evaluate(ParentRunner.java:268)at org.junit.runners.ParentRunner.run(ParentRunner.java:363)at org.junit.runners.Suite.runChild(Suite.java:128)at org.junit.runners.Suite.runChild(Suite.java:27)at org.junit.runners.ParentRunner$3.run(ParentRunner.java:290)at org.junit.runners.ParentRunner$1.schedule(ParentRunner.java:71)at org.junit.runners.ParentRunner.runChildren(ParentRunner.java:288)at org.junit.runners.ParentRunner.access$000(ParentRunner.java:58)at org.junit.runners.ParentRunner$2.evaluate(ParentRunner.java:268)at org.junit.internal.runners.statements.RunBefores.evaluate(RunBefores.java:26)at org.junit.runners.ParentRunner.run(ParentRunner.java:363)at org.junit.runners.Suite.runChild(Suite.java:128)at org.junit.runners.Suite.runChild(Suite.java:27)at org.junit.runners.ParentRunner$3.run(ParentRunner.java:290)at org.junit.runners.ParentRunner$1.schedule(ParentRunner.java:71)at org.junit.runners.ParentRunner.runChildren(ParentRunner.java:288)at org.junit.runners.ParentRunner.access$000(ParentRunner.java:58)at org.junit.runners.ParentRunner$2.evaluate(ParentRunner.java:268)at org.junit.runners.ParentRunner.run(ParentRunner.java:363)at org.apache.maven.surefire.junit4.JUnit4Provider.execute(JUnit4Provider.java:252)at org.apache.maven.surefire.junit4.JUnit4Provider.executeTestSet(JUnit4Provider.java:141)at org.apache.maven.surefire.junit4.JUnit4Provider.invoke(JUnit4Provider.java:112)at sun.reflect.NativeMethodAccessorImpl.invoke0(Native Method)at sun.reflect.NativeMethodAccessorImpl.invoke(NativeMethodAccessorImpl.java:62)at sun.reflect.DelegatingMethodAccessorImpl.invoke(DelegatingMethodAccessorImpl.java:43)at java.lang.reflect.Method.invoke(Method.java:483)at org.apache.maven.surefire.util.ReflectionUtils.invokeMethodWithArray(ReflectionUtils.java:189)at org.apache.maven.surefire.booter.ProviderFactory$ProviderProxy.invoke(ProviderFactory.java:165)at org.apache.maven.surefire.booter.ProviderFactory.invokeProvider(ProviderFactory.java:85)at org.apache.maven.surefire.booter.ForkedBooter.runSuitesInProcess(ForkedBooter.java:115)at org.apache.maven.surefire.booter.ForkedBooter.main(ForkedBooter.java:75)</pre></div></div></td>
<td></td></tr>
<tr class="b">
<td><img src="images/icon_success_sml.gif" alt="" /></td>
<td>test_Title_Validation[Iteration # 23 : exp: Coursera - Free Online Courses From Top Universities; act: Coursera - Free Online Courses From Top Universities]</td>
<td>0.001</td></tr>
<tr class="a">
<td><img src="images/icon_success_sml.gif" alt="" /></td>
<td>test_Title_Validation[Iteration # 24 : exp: learn2test.net; act: learn2test.net]</td>
<td>0</td></tr></table></div><br /></div>
<div class="section">
<h2>Failure Details<a name="Failure_Details"></a></h2><a name="Failure_Details"></a>
<p>[<a href="#Summary">Summary</a>] [<a href="#Package_List">Package List</a>] [<a href="#Test_Cases">Test Cases</a>]</p><br />
<table border="1" class="bodyTable">
<tr class="a">
<td><img src="images/icon_error_sml.gif" alt="" /></td>
<td><a name="core.SeleniumTest.test_Title_ValidationIteration__2_:_exp:_www.alegro.com_act:_www.alegro.net"></a>test_Title_Validation[Iteration # 2 : exp: www.alegro.com; act: www.alegro.net]</td></tr>
<tr class="b">
<td></td>
<td>org.junit.ComparisonFailure: FAILED expected:&lt;www.alegro.[com]&gt; but was:&lt;www.alegro.[net]&gt;</td></tr>
<tr class="a">
<td></td>
<td>
<div id="test_Title_Validation[Iteration # 2 : exp: www.alegro.com; act: www.alegro.net]error">core.SeleniumTest:</div></td></tr>
<tr class="b">
<td><img src="images/icon_error_sml.gif" alt="" /></td>
<td><a name="core.SeleniumTest.test_Title_ValidationIteration__3_:_exp:_Welcome_to_Facebook_-_Log_In_act:_Welcome_to_Facebook_-_Log_In_Sign_Up_or_Learn_More"></a>test_Title_Validation[Iteration # 3 : exp: Welcome to Facebook - Log In; act: Welcome to Facebook - Log In, Sign Up or Learn More]</td></tr>
<tr class="a">
<td></td>
<td>org.junit.ComparisonFailure: FAILED expected:&lt;...to Facebook - Log In[]&gt; but was:&lt;...to Facebook - Log In[, Sign Up or Learn More]&gt;</td></tr>                                                                                                                                                                                                
<tr class="b">
<td></td>
<td>
<div id="test_Title_Validation[Iteration # 3 : exp: Welcome to Facebook - Log In; act: Welcome to Facebook - Log In, Sign Up or Learn More]error">core.SeleniumTest:</div></td></tr>
<tr class="a">
<td><img src="images/icon_error_sml.gif" alt="" /></td>
<td><a name="core.SeleniumTest.test_Title_ValidationIteration__5_:_exp:_GitHub_act:_GitHub__Build_software_better_together."></a>test_Title_Validation[Iteration # 5 : exp: GitHub; act: GitHub &#xb7; Build software better, together.]</td></tr>
<tr class="b">
<td></td>
<td>org.junit.ComparisonFailure: FAILED expected:&lt;GitHub[]&gt; but was:&lt;GitHub[ &#xb7; Build software better, together.]&gt;</td></tr>
<tr class="a">
<td></td>
<td>
<div id="test_Title_Validation[Iteration # 5 : exp: GitHub; act: GitHub &#xb7; Build software better, together.]error">core.SeleniumTest:</div></td></tr>
<tr class="b">
<td><img src="images/icon_error_sml.gif" alt="" /></td>
<td><a name="core.SeleniumTest.test_Title_ValidationIteration__7_:_exp:_Git_act:_GitHub__Build_software_better_together."></a>test_Title_Validation[Iteration # 7 : exp: Git; act: GitHub &#xb7; Build software better, together.]</td></tr>
<tr class="a">
<td></td>
<td>org.junit.ComparisonFailure: FAILED expected:&lt;Git[]&gt; but was:&lt;Git[Hub &#xb7; Build software better, together.]&gt;</td></tr>
<tr class="b">
<td></td>
<td>
<div id="test_Title_Validation[Iteration # 7 : exp: Git; act: GitHub &#xb7; Build software better, together.]error">core.SeleniumTest:</div></td></tr>
<tr class="a">
<td><img src="images/icon_error_sml.gif" alt="" /></td>
<td><a name="core.SeleniumTest.test_Title_ValidationIteration__9_:_exp:_Welcome__LinkedIn_act:_Worlds_Largest_Professional_Network__LinkedIn"></a>test_Title_Validation[Iteration # 9 : exp: Welcome! | LinkedIn; act: World's Largest Professional Network | LinkedIn]</td></tr>
<tr class="b">
<td></td>
<td>org.junit.ComparisonFailure: FAILED expected:&lt;W[elcome!] | LinkedIn&gt; but was:&lt;W[orld's Largest Professional Network] | LinkedIn&gt;</td></tr>                                                                                                                                                                                                
<tr class="a">
<td></td>
<td>
<div id="test_Title_Validation[Iteration # 9 : exp: Welcome! | LinkedIn; act: World's Largest Professional Network | LinkedIn]error">core.SeleniumTest:</div></td></tr>
<tr class="b">
<td><img src="images/icon_error_sml.gif" alt="" /></td>
<td><a name="core.SeleniumTest.test_Title_ValidationIteration__10_:_exp:_Welcome_act:_Worlds_Largest_Professional_Network__LinkedIn"></a>test_Title_Validation[Iteration # 10 : exp: Welcome!; act: World's Largest Professional Network | LinkedIn]</td></tr>
<tr class="a">
<td></td>
<td>org.junit.ComparisonFailure: FAILED expected:&lt;W[elcome!]&gt; but was:&lt;W[orld's Largest Professional Network | LinkedIn]&gt;</td></tr>                                                                                                                                                                                                
<tr class="b">
<td></td>
<td>
<div id="test_Title_Validation[Iteration # 10 : exp: Welcome!; act: World's Largest Professional Network | LinkedIn]error">core.SeleniumTest:</div></td></tr>
<tr class="a">
<td><img src="images/icon_error_sml.gif" alt="" /></td>
<td><a name="core.SeleniumTest.test_Title_ValidationIteration__12_:_exp:_Courser_-_Free_Online_Courses_From_Top_Universities_act:_Coursera_-_Free_Online_Courses_From_Top_Universities"></a>test_Title_Validation[Iteration # 12 : exp: Courser - Free Online Courses From Top Universities; act: Coursera - Free Online Courses From Top Universities]</td></tr>
<tr class="b">
<td></td>
<td>org.junit.ComparisonFailure: FAILED expected:&lt;Courser[] - Free Online Cours...&gt; but was:&lt;Courser[a] - Free Online Cours...&gt;</td></tr>                                                                                                                                                                                                
<tr class="a">
<td></td>
<td>
<div id="test_Title_Validation[Iteration # 12 : exp: Courser - Free Online Courses From Top Universities; act: Coursera - Free Online Courses From Top Universities]error">core.SeleniumTest:</div></td></tr>
<tr class="b">
<td><img src="images/icon_error_sml.gif" alt="" /></td>
<td><a name="core.SeleniumTest.test_Title_ValidationIteration__14_:_exp:_Online_Courses_-_Anytime_act:_Online_Courses_-_Anytime_Anywhere__Udemy"></a>test_Title_Validation[Iteration # 14 : exp: Online Courses - Anytime; act: Online Courses - Anytime, Anywhere | Udemy]</td></tr>
<tr class="a">
<td></td>
<td>org.junit.ComparisonFailure: FAILED expected:&lt;...ne Courses - Anytime[]&gt; but was:&lt;...ne Courses - Anytime[, Anywhere | Udemy]&gt;</td></tr>                                                                                                                                                                                                
<tr class="b">
<td></td>
<td>
<div id="test_Title_Validation[Iteration # 14 : exp: Online Courses - Anytime; act: Online Courses - Anytime, Anywhere | Udemy]error">core.SeleniumTest:</div></td></tr>
<tr class="a">
<td><img src="images/icon_error_sml.gif" alt="" /></td>
<td><a name="core.SeleniumTest.test_Title_ValidationIteration__15_:_exp:_Online_Course_-_Anytime_act:_Online_Courses_-_Anytime_Anywhere__Udemy"></a>test_Title_Validation[Iteration # 15 : exp: Online Course - Anytime; act: Online Courses - Anytime, Anywhere | Udemy]</td></tr>
<tr class="b">
<td></td>
<td>org.junit.ComparisonFailure: FAILED expected:&lt;Online Course[ - Anytime]&gt; but was:&lt;Online Course[s - Anytime, Anywhere | Udemy]&gt;</td></tr>                                                                                                                                                                                                
<tr class="a">
<td></td>
<td>
<div id="test_Title_Validation[Iteration # 15 : exp: Online Course - Anytime; act: Online Courses - Anytime, Anywhere | Udemy]error">core.SeleniumTest:</div></td></tr>
<tr class="b">
<td><img src="images/icon_error_sml.gif" alt="" /></td>
<td><a name="core.SeleniumTest.test_Title_ValidationIteration__16_:_exp:_Oracle__Hardware_and_Software_act:_Oracle__Hardware_and_Software_Engineered_to_Work_Together"></a>test_Title_Validation[Iteration # 16 : exp: Oracle | Hardware and Software; act: Oracle | Hardware and Software, Engineered to Work Together]</td></tr>
<tr class="a">
<td></td>
<td>org.junit.ComparisonFailure: FAILED expected:&lt;...ardware and Software[]&gt; but was:&lt;...ardware and Software[, Engineered to Work Together]&gt;</td></tr>                                                                                                                                                                                            
<tr class="b">
<td></td>
<td>
<div id="test_Title_Validation[Iteration # 16 : exp: Oracle | Hardware and Software; act: Oracle | Hardware and Software, Engineered to Work Together]error">core.SeleniumTest:</div></td></tr>
<tr class="a">
<td><img src="images/icon_error_sml.gif" alt="" /></td>
<td><a name="core.SeleniumTest.test_Title_ValidationIteration__17_:_exp:_Oracl__Hardware_and_Software_act:_Oracle__Hardware_and_Software_Engineered_to_Work_Together"></a>test_Title_Validation[Iteration # 17 : exp: Oracl | Hardware and Software; act: Oracle | Hardware and Software, Engineered to Work Together]</td></tr>
<tr class="b">
<td></td>
<td>org.junit.ComparisonFailure: FAILED expected:&lt;Oracl[ | Hardware and Software]&gt; but was:&lt;Oracl[e | Hardware and Software, Engineered to Work Together]&gt;</td></tr>                                                                                                                                                                                            
<tr class="a">
<td></td>
<td>
<div id="test_Title_Validation[Iteration # 17 : exp: Oracl | Hardware and Software; act: Oracle | Hardware and Software, Engineered to Work Together]error">core.SeleniumTest:</div></td></tr>
<tr class="b">
<td><img src="images/icon_error_sml.gif" alt="" /></td>
<td><a name="core.SeleniumTest.test_Title_ValidationIteration__18_:_exp:_Honda.com:_Official_Site_of_American_Honda_Motor_Co._act:_Honda.com:_Official_Site_of_American_Honda_Motor_Co._Inc."></a>test_Title_Validation[Iteration # 18 : exp: Honda.com: Official Site of American Honda Motor Co.; act: Honda.com: Official Site of American Honda Motor Co., Inc.]</td></tr>
<tr class="a">
<td></td>
<td>org.junit.ComparisonFailure: FAILED expected:&lt;...ican Honda Motor Co.[]&gt; but was:&lt;...ican Honda Motor Co.[, Inc.]&gt;</td></tr>
<tr class="b">
<td></td>
<td>
<div id="test_Title_Validation[Iteration # 18 : exp: Honda.com: Official Site of American Honda Motor Co.; act: Honda.com: Official Site of American Honda Motor Co., Inc.]error">core.SeleniumTest:</div></td></tr>
<tr class="a">
<td><img src="images/icon_error_sml.gif" alt="" /></td>
<td><a name="core.SeleniumTest.test_Title_ValidationIteration__19_:_exp:_Honda.com:_Official_Sites_of_American_Honda_Motor_Co._act:_Honda.com:_Official_Site_of_American_Honda_Motor_Co._Inc."></a>test_Title_Validation[Iteration # 19 : exp: Honda.com: Official Sites of American Honda Motor Co.; act: Honda.com: Official Site of American Honda Motor Co., Inc.]</td></tr>
<tr class="b">
<td></td>
<td>org.junit.ComparisonFailure: FAILED expected:&lt;...a.com: Official Site[s of American Honda Motor Co].&gt; but was:&lt;...a.com: Official Site[ of American Honda Motor Co., Inc].&gt;</td></tr>
<tr class="a">
<td></td>
<td>
<div id="test_Title_Validation[Iteration # 19 : exp: Honda.com: Official Sites of American Honda Motor Co.; act: Honda.com: Official Site of American Honda Motor Co., Inc.]error">core.SeleniumTest:</div></td></tr>
<tr class="b">
<td><img src="images/icon_error_sml.gif" alt="" /></td>
<td><a name="core.SeleniumTest.test_Title_ValidationIteration__21_:_exp:_Welcome_to_Facebook_-_Log_In_act:_Welcome_to_Facebook_-_Log_In_Sign_Up_or_Learn_More"></a>test_Title_Validation[Iteration # 21 : exp: Welcome to Facebook - Log In; act: Welcome to Facebook - Log In, Sign Up or Learn More]</td></tr>
<tr class="a">
<td></td>
<td>org.junit.ComparisonFailure: FAILED expected:&lt;...to Facebook - Log In[]&gt; but was:&lt;...to Facebook - Log In[, Sign Up or Learn More]&gt;</td></tr>                                                                                                                                                                                        
<tr class="b">
<td></td>
<td>
<div id="test_Title_Validation[Iteration # 21 : exp: Welcome to Facebook - Log In; act: Welcome to Facebook - Log In, Sign Up or Learn More]error">core.SeleniumTest:</div></td></tr>
<tr class="a">
<td><img src="images/icon_error_sml.gif" alt="" /></td>
<td><a name="core.SeleniumTest.test_Title_ValidationIteration__22_:_exp:_Online_Course_-_Anytime_act:_Online_Courses_-_Anytime_Anywhere__Udemy"></a>test_Title_Validation[Iteration # 22 : exp: Online Course - Anytime; act: Online Courses - Anytime, Anywhere | Udemy]</td></tr>
<tr class="b">
<td></td>
<td>org.junit.ComparisonFailure: FAILED expected:&lt;Online Course[ - Anytime]&gt; but was:&lt;Online Course[s - Anytime, Anywhere | Udemy]&gt;</td></tr>                                                                                                                                                                                            
<tr class="a">
<td></td>
<td>
<div id="test_Title_Validation[Iteration # 22 : exp: Online Course - Anytime; act: Online Courses - Anytime, Anywhere | Udemy]error">core.SeleniumTest:</div></td></tr></table><br /></div>
      </div>
    </div>
    <div class="clear">
      <hr/>
    </div>
    <div id="footer">
      <div class="xright">
              Copyright &#169;                   2015.
          All Rights Reserved.      
                    
                  </div>
      <div class="clear">
        <hr/>
      </div>
    </div>
  </body>
</html>
